Added Component: Designator=P4(HDR1X2)
Add component. Clean all parameters for all variants
Add component (AddParameter): Name = "LatestRevisionDate"; Value = "17-Jul-2002"; VariantName = "[No Variations]"
Add component (AddParameter): Name = "LatestRevisionNote"; Value = "Re-released for DXP Platform."; VariantName = "[No Variations]"
Add component (AddParameter): Name = "Publisher"; Value = "Altium Limited"; VariantName = "[No Variations]"
Added Component: Designator=P5(HDR1X2)
Add component. Clean all parameters for all variants
Add component (AddParameter): Name = "LatestRevisionDate"; Value = "17-Jul-2002"; VariantName = "[No Variations]"
Add component (AddParameter): Name = "LatestRevisionNote"; Value = "Re-released for DXP Platform."; VariantName = "[No Variations]"
Add component (AddParameter): Name = "Publisher"; Value = "Altium Limited"; VariantName = "[No Variations]"
Added Component: Designator=U1(*SOT230P700X180-4N)
Add component. Clean all parameters for all variants
Add component (AddParameter): Name = "Digi-Key_Part_Number"; Value = "LM1117MPX-3.3/NOPBCT-ND"; VariantName = "[No Variations]"
Add component (AddParameter): Name = "Digi-Key_Purchase_URL"; Value = "https://www.digikey.com/product-detail/en/texas-instruments/LM1117MPX-3.3-NOPB/LM1117MPX-3.3-NOPBCT-ND/1010516?utm_source=snapeda&utm_medium=aggregator&utm_campaign=symbol"; VariantName = "[No Variations]"
Add component (AddParameter): Name = "MF"; Value = "Texas Instruments"; VariantName = "[No Variations]"
Add component (AddParameter): Name = "MP"; Value = "LM1117MPX-3.3/NOPB"; VariantName = "[No Variations]"
Add component (AddParameter): Name = "Package"; Value = "SOT-223-4 Texas Instruments"; VariantName = "[No Variations]"
Add component (AddParameter): Name = "SnapEDA_Link"; Value = "https://www.snapeda.com/parts/LM1117MPX-3.3/NOPB/Texas%20Instruments/view-part/?ref=snap"; VariantName = "[No Variations]"
Add component (AddParameter): Name = "Value"; Value = ""; VariantName = "[No Variations]"
Added Component: Designator=U2(1048P)
Add component. Clean all parameters for all variants
Add component (AddParameter): Name = "Allied_Number"; Value = "71135190"; VariantName = "[No Variations]"
Add component (AddParameter): Name = "Allied Price/Stock"; Value = "https://www.alliedelec.com/keystone-electronics-1048p/71135190/"; VariantName = "[No Variations]"
Add component (AddParameter): Name = "Datasheet Link"; Value = "http://www.keyelco.com/product-pdf.cfm?p=13959"; VariantName = "[No Variations]"
Add component (AddParameter): Name = "Manufacturer_Name"; Value = "Keystone Electronics"; VariantName = "[No Variations]"
Add component (AddParameter): Name = "Manufacturer_Part_Number"; Value = "1048P"; VariantName = "[No Variations]"
Add component (AddParameter): Name = "Mouser Part Number"; Value = "534-1048P"; VariantName = "[No Variations]"
Add component (AddParameter): Name = "Mouser Price/Stock"; Value = "https://www.mouser.com/Search/Refine.aspx?Keyword=534-1048P"; VariantName = "[No Variations]"
Add component (AddParameter): Name = "RS Part Number"; Value = ""; VariantName = "[No Variations]"
Add component (AddParameter): Name = "RS Price/Stock"; Value = ""; VariantName = "[No Variations]"
Added Pin To Net: NetName=IO15 Pin=P4-1
Added Pin To Net: NetName=USART1_CTS Pin=P4-2
Added Pin To Net: NetName=IO13 Pin=P5-1
Added Pin To Net: NetName=USART1_RTS Pin=P5-2
Added Pin To Net: NetName=GND Pin=U1-1
Added Pin To Net: NetName=NetBT2_1 Pin=U1-3
Added Pin To Net: NetName=VDD33 Pin=U1-4
Added Pin To Net: NetName=NetBT1_1 Pin=U2-1
Added Pin To Net: NetName=NetBT2_2 Pin=U2-2
Added Pin To Net: NetName=NetBT2_1 Pin=U2-3
Added Pin To Net: NetName=NetBT1_2 Pin=U2-4
Added Member To Class: ClassName=Capstone Member=Component P4 Header 2
Added Member To Class: ClassName=Capstone Member=Component P5 Header 2
Added Member To Class: ClassName=Capstone Member=Component U1 LM1117IMPX-3.3
Added Member To Class: ClassName=Capstone Member=Component U2 1048P
