Added Component: Designator=ADXL362 SPI(HDR2X4)
Add component. Clean all parameters for all variants
Add component (AddParameter): Name = "LatestRevisionDate"; Value = "17-Jul-2002"; VariantName = "[No Variations]"
Add component (AddParameter): Name = "LatestRevisionNote"; Value = "Re-released for DXP Platform."; VariantName = "[No Variations]"
Add component (AddParameter): Name = "Publisher"; Value = "Altium Limited"; VariantName = "[No Variations]"
Added Component: Designator=NRST/I2C(HDR1X4)
Add component. Clean all parameters for all variants
Add component (AddParameter): Name = "LatestRevisionDate"; Value = "17-Jul-2002"; VariantName = "[No Variations]"
Add component (AddParameter): Name = "LatestRevisionNote"; Value = "Re-released for DXP Platform."; VariantName = "[No Variations]"
Add component (AddParameter): Name = "Publisher"; Value = "Altium Limited"; VariantName = "[No Variations]"
Added Pin To Net: NetName=ADXL362_CS Pin=ADXL362 SPI-1
Added Pin To Net: NetName=ADXL362_CS Pin=ADXL362 SPI-2
Added Pin To Net: NetName=ADXL362_MOSI Pin=ADXL362 SPI-3
Added Pin To Net: NetName=ADXL362_MOSI Pin=ADXL362 SPI-4
Added Pin To Net: NetName=ADXL362_MISO Pin=ADXL362 SPI-5
Added Pin To Net: NetName=ADXL362_MISO Pin=ADXL362 SPI-6
Added Pin To Net: NetName=ADXL362_SCK Pin=ADXL362 SPI-7
Added Pin To Net: NetName=ADXL362_SCK Pin=ADXL362 SPI-8
Added Pin To Net: NetName=NetC13_2 Pin=NRST/I2C-1
Added Pin To Net: NetName=I2C1_SDA Pin=NRST/I2C-2
Added Pin To Net: NetName=I2C1_SCL Pin=NRST/I2C-3
Added Pin To Net: NetName=PH3-BOOT0 Pin=NRST/I2C-4
Added Member To Class: ClassName=Capstone Member=Component ADXL362 SPI Header 4X2
Added Member To Class: ClassName=Capstone Member=Component NRST/I2C Header 4
