Change component parameters: Designator = "R10"; Footprint = "AXIAL-0.3"; UniqueID = "\GJLNNJDB"
Change component parameters. Clean all parameters for all variants
Change component parameters (AddParameter): Name = "LatestRevisionDate"; Value = "17-Jul-2002"; VariantName = "[No Variations]"
Change component parameters (AddParameter): Name = "LatestRevisionNote"; Value = "Re-released for DXP Platform."; VariantName = "[No Variations]"
Change component parameters (AddParameter): Name = "PackageDescription"; Value = "Axial Device, Thru-Hole; 2 Leads; 0.3 in Pin Spacing"; VariantName = "[No Variations]"
Change component parameters (AddParameter): Name = "PackageReference"; Value = "AXIAL-0.3"; VariantName = "[No Variations]"
Change component parameters (AddParameter): Name = "Published"; Value = "8-Jun-2000"; VariantName = "[No Variations]"
Change component parameters (AddParameter): Name = "Publisher"; Value = "Altium Limited"; VariantName = "[No Variations]"
Change component parameters (AddParameter): Name = "Value"; Value = "470"; VariantName = "[No Variations]"
Added Component: Designator=P4(HDR1X2)
Add component. Clean all parameters for all variants
Add component (AddParameter): Name = "LatestRevisionDate"; Value = "17-Jul-2002"; VariantName = "[No Variations]"
Add component (AddParameter): Name = "LatestRevisionNote"; Value = "Re-released for DXP Platform."; VariantName = "[No Variations]"
Add component (AddParameter): Name = "Publisher"; Value = "Altium Limited"; VariantName = "[No Variations]"
Added Pin To Net: NetName=VDD_MCU Pin=C1-1
Added Pin To Net: NetName=VDD_MCU Pin=C2-1
Added Pin To Net: NetName=VDD_MCU Pin=H1-1
Added Pin To Net: NetName=VDD_MCU Pin=IC1-13
Added Pin To Net: NetName=VDD_MCU Pin=P4-2
Added Pin To Net: NetName=VDD_MCU Pin=R2-1
Change Net Name : Old Net Name=VDD_MCU New Net Name=VDD33
Added Pin To Net: NetName=NetP4_1 Pin=P4-1
Added Pin To Net: NetName=NetP4_1 Pin=U2-5
Added Net: Name=NetP4_1
Added Member To Class: ClassName=Capstone Member=Component C1 Cap
Added Member To Class: ClassName=Capstone Member=Component C2 Cap
Added Member To Class: ClassName=Capstone Member=Component C3 Cap
Added Member To Class: ClassName=Capstone Member=Component C5 Cap
Added Member To Class: ClassName=Capstone Member=Component C6 Cap
Added Member To Class: ClassName=Capstone Member=Component C8 Cap
Added Member To Class: ClassName=Capstone Member=Component C9 Cap
Added Member To Class: ClassName=Capstone Member=Component C10 Cap
Added Member To Class: ClassName=Capstone Member=Component C11 Cap
Added Member To Class: ClassName=Capstone Member=Component C12 Cap
Added Member To Class: ClassName=Capstone Member=Component C13 Cap
Added Member To Class: ClassName=Capstone Member=Component C14 Cap
Added Member To Class: ClassName=Capstone Member=Component C15 Cap
Added Member To Class: ClassName=Capstone Member=Component C16 Cap
Added Member To Class: ClassName=Capstone Member=Component C17 Cap
Added Member To Class: ClassName=Capstone Member=Component P2 Reset
Added Member To Class: ClassName=Capstone Member=Component P4 Header 2
Added Member To Class: ClassName=Capstone Member=Component R2 Res1
Added Member To Class: ClassName=Capstone Member=Component R3 Res1
Added Member To Class: ClassName=Capstone Member=Component R4 Res1
Added Member To Class: ClassName=Capstone Member=Component R6 Res1
Added Member To Class: ClassName=Capstone Member=Component R9 Res1
Added Member To Class: ClassName=Capstone Member=Component S5 KSR222GLFS
