Removed Pin From Net: NetName=VDD33 Pin=AC1-1
Removed Pin From Net: NetName=ADXL362_CS Pin=ADXL362 SPI-1
Removed Pin From Net: NetName=ADXL362_MOSI Pin=ADXL362 SPI-3
Removed Pin From Net: NetName=ADXL362_MISO Pin=ADXL362 SPI-5
Removed Pin From Net: NetName=ADXL362_SCK Pin=ADXL362 SPI-7
Removed Pin From Net: NetName=VDD33 Pin=C1-1
Removed Pin From Net: NetName=VDD33 Pin=C2-1
Removed Pin From Net: NetName=VDD33 Pin=C14-1
Removed Pin From Net: NetName=VDD33 Pin=C15-2
Removed Pin From Net: NetName=VDD33 Pin=C16-1
Removed Pin From Net: NetName=NetD1_1 Pin=D1-1
Removed Pin From Net: NetName=GND Pin=D1-2
Removed Pin From Net: NetName=VDD33 Pin=H1-1
Removed Pin From Net: NetName=VDD33 Pin=IC1-1
Removed Pin From Net: NetName=VDD33 Pin=IC1-13
Removed Pin From Net: NetName=VDD33 Pin=IC1-19
Removed Pin From Net: NetName=VDD33 Pin=IC1-32
Removed Pin From Net: NetName=ADXL362_SCK Pin=IC1-34
Removed Pin From Net: NetName=ADXL362_MISO Pin=IC1-35
Removed Pin From Net: NetName=ADXL362_MOSI Pin=IC1-36
Removed Pin From Net: NetName=ADXL362_CS Pin=IC1-44
Removed Pin From Net: NetName=VDD33 Pin=IC1-48
Removed Pin From Net: NetName=VDD33 Pin=IC1-64
Removed Pin From Net: NetName=VDD33 Pin=R6-2
Removed Pin From Net: NetName=NetD1_1 Pin=R8-1
Removed Pin From Net: NetName=NetBT1_1 Pin=R8-2
Removed Member From Class: ClassName=Capstone Member=R8
Change Component Designator: OldDesignator=D1 NewDesignator=D3
Change component parameters: Designator = "R4"; Footprint = "6-0805_N"; UniqueID = "\DZDYNJFH"
Change component parameters. Clean all parameters for all variants
Change component parameters (AddParameter): Name = "LatestRevisionDate"; Value = "17-Jul-2002"; VariantName = "[No Variations]"
Change component parameters (AddParameter): Name = "LatestRevisionNote"; Value = "Re-released for DXP Platform."; VariantName = "[No Variations]"
Change component parameters (AddParameter): Name = "PackageDescription"; Value = "Axial Device, Thru-Hole; 2 Leads; 0.3 in Pin Spacing"; VariantName = "[No Variations]"
Change component parameters (AddParameter): Name = "PackageReference"; Value = "AXIAL-0.3"; VariantName = "[No Variations]"
Change component parameters (AddParameter): Name = "Published"; Value = "8-Jun-2000"; VariantName = "[No Variations]"
Change component parameters (AddParameter): Name = "Publisher"; Value = "Altium Limited"; VariantName = "[No Variations]"
Change component parameters (AddParameter): Name = "Value"; Value = "10K"; VariantName = "[No Variations]"
Change component parameters: Designator = "R5"; Footprint = "6-0805_N"; UniqueID = "\PSGQCGHT"
Change component parameters. Clean all parameters for all variants
Change component parameters (AddParameter): Name = "LatestRevisionDate"; Value = "17-Jul-2002"; VariantName = "[No Variations]"
Change component parameters (AddParameter): Name = "LatestRevisionNote"; Value = "Re-released for DXP Platform."; VariantName = "[No Variations]"
Change component parameters (AddParameter): Name = "PackageDescription"; Value = "Axial Device, Thru-Hole; 2 Leads; 0.3 in Pin Spacing"; VariantName = "[No Variations]"
Change component parameters (AddParameter): Name = "PackageReference"; Value = "AXIAL-0.3"; VariantName = "[No Variations]"
Change component parameters (AddParameter): Name = "Published"; Value = "8-Jun-2000"; VariantName = "[No Variations]"
Change component parameters (AddParameter): Name = "Publisher"; Value = "Altium Limited"; VariantName = "[No Variations]"
Change component parameters (AddParameter): Name = "Value"; Value = "10k"; VariantName = "[No Variations]"
Change component parameters: Designator = "R7"; Footprint = "6-0805_N"; UniqueID = "\WALHACUN"
Change component parameters. Clean all parameters for all variants
Change component parameters (AddParameter): Name = "LatestRevisionDate"; Value = "17-Jul-2002"; VariantName = "[No Variations]"
Change component parameters (AddParameter): Name = "LatestRevisionNote"; Value = "Re-released for DXP Platform."; VariantName = "[No Variations]"
Change component parameters (AddParameter): Name = "PackageDescription"; Value = "Axial Device, Thru-Hole; 2 Leads; 0.3 in Pin Spacing"; VariantName = "[No Variations]"
Change component parameters (AddParameter): Name = "PackageReference"; Value = "AXIAL-0.3"; VariantName = "[No Variations]"
Change component parameters (AddParameter): Name = "Published"; Value = "8-Jun-2000"; VariantName = "[No Variations]"
Change component parameters (AddParameter): Name = "Publisher"; Value = "Altium Limited"; VariantName = "[No Variations]"
Change component parameters (AddParameter): Name = "Value"; Value = "2.2k"; VariantName = "[No Variations]"
Change component parameters: Designator = "D3"; Footprint = "SMB"; UniqueID = "\DVOMMFJM"
Change component parameters. Clean all parameters for all variants
Change component parameters (AddParameter): Name = "Code_JEDEC"; Value = "DO-214-AA"; VariantName = "[No Variations]"
Change component parameters (AddParameter): Name = "LatestRevisionDate"; Value = "17-Jul-2002"; VariantName = "[No Variations]"
Change component parameters (AddParameter): Name = "LatestRevisionNote"; Value = "Re-released for DXP Platform."; VariantName = "[No Variations]"
Change component parameters (AddParameter): Name = "PackageDescription"; Value = "DO-214-AA/SMB; 2 C-Bend Leads; Body 5.3 x 3.6 mm, inc. leads (LxW)"; VariantName = "[No Variations]"
Change component parameters (AddParameter): Name = "PackageReference"; Value = "SMB"; VariantName = "[No Variations]"
Change component parameters (AddParameter): Name = "Published"; Value = "8-Jun-2000"; VariantName = "[No Variations]"
Change component parameters (AddParameter): Name = "Publisher"; Value = "Altium Limited"; VariantName = "[No Variations]"
Added Component: Designator=D1(0402)
Add component. Clean all parameters for all variants
Add component (AddParameter): Name = "DatasheetVersion"; Value = "16-Apr-2002"; VariantName = "[No Variations]"
Add component (AddParameter): Name = "LatestRevisionDate"; Value = "17-Dec-2003"; VariantName = "[No Variations]"
Add component (AddParameter): Name = "LatestRevisionNote"; Value = "PCB Footprint replaced."; VariantName = "[No Variations]"
Add component (AddParameter): Name = "PackageDescription"; Value = "SM LED; 2 C-Bend Leads; Body 3.5 x 2.8 x 1.9 mm, inc leads (LxWxH typ)"; VariantName = "[No Variations]"
Add component (AddParameter): Name = "PackageReference"; Value = "3.5X2.8X1.9"; VariantName = "[No Variations]"
Add component (AddParameter): Name = "PackageVersion"; Value = "16-Apr-2002"; VariantName = "[No Variations]"
Add component (AddParameter): Name = "Published"; Value = "8-Jun-2000"; VariantName = "[No Variations]"
Add component (AddParameter): Name = "Publisher"; Value = "Altium Limited"; VariantName = "[No Variations]"
Added Component: Designator=RADX(AXIAL-0.3)
Add component. Clean all parameters for all variants
Add component (AddParameter): Name = "LatestRevisionDate"; Value = "17-Jul-2002"; VariantName = "[No Variations]"
Add component (AddParameter): Name = "LatestRevisionNote"; Value = "Re-released for DXP Platform."; VariantName = "[No Variations]"
Add component (AddParameter): Name = "PackageDescription"; Value = "Axial Device, Thru-Hole; 2 Leads; 0.3 in Pin Spacing"; VariantName = "[No Variations]"
Add component (AddParameter): Name = "PackageReference"; Value = "AXIAL-0.3"; VariantName = "[No Variations]"
Add component (AddParameter): Name = "Published"; Value = "8-Jun-2000"; VariantName = "[No Variations]"
Add component (AddParameter): Name = "Publisher"; Value = "Altium Limited"; VariantName = "[No Variations]"
Add component (AddParameter): Name = "Value"; Value = "3.3K"; VariantName = "[No Variations]"
Added Component: Designator=RESP(AXIAL-0.3)
Add component. Clean all parameters for all variants
Add component (AddParameter): Name = "LatestRevisionDate"; Value = "17-Jul-2002"; VariantName = "[No Variations]"
Add component (AddParameter): Name = "LatestRevisionNote"; Value = "Re-released for DXP Platform."; VariantName = "[No Variations]"
Add component (AddParameter): Name = "PackageDescription"; Value = "Axial Device, Thru-Hole; 2 Leads; 0.3 in Pin Spacing"; VariantName = "[No Variations]"
Add component (AddParameter): Name = "PackageReference"; Value = "AXIAL-0.3"; VariantName = "[No Variations]"
Add component (AddParameter): Name = "Published"; Value = "8-Jun-2000"; VariantName = "[No Variations]"
Add component (AddParameter): Name = "Publisher"; Value = "Altium Limited"; VariantName = "[No Variations]"
Add component (AddParameter): Name = "Value"; Value = "0"; VariantName = "[No Variations]"
Added Component: Designator=RMCU(AXIAL-0.3)
Add component. Clean all parameters for all variants
Add component (AddParameter): Name = "LatestRevisionDate"; Value = "17-Jul-2002"; VariantName = "[No Variations]"
Add component (AddParameter): Name = "LatestRevisionNote"; Value = "Re-released for DXP Platform."; VariantName = "[No Variations]"
Add component (AddParameter): Name = "PackageDescription"; Value = "Axial Device, Thru-Hole; 2 Leads; 0.3 in Pin Spacing"; VariantName = "[No Variations]"
Add component (AddParameter): Name = "PackageReference"; Value = "AXIAL-0.3"; VariantName = "[No Variations]"
Add component (AddParameter): Name = "Published"; Value = "8-Jun-2000"; VariantName = "[No Variations]"
Add component (AddParameter): Name = "Publisher"; Value = "Altium Limited"; VariantName = "[No Variations]"
Add component (AddParameter): Name = "Value"; Value = "0"; VariantName = "[No Variations]"
Added Pin To Net: NetName=NetD1_1 Pin=D1-1
Added Pin To Net: NetName=NetC18_2 Pin=D3-1
Added Pin To Net: NetName=NetBT1_1 Pin=D3-2
Added Pin To Net: NetName=NetD1_1 Pin=EN_PS-2
Added Pin To Net: NetName=VDD33 Pin=RADX-2
Added Pin To Net: NetName=VDD33 Pin=RESP-2
Added Pin To Net: NetName=VDD33 Pin=RMCU-2
Added Pin To Net: NetName=NetAC1_1 Pin=AC1-1
Added Pin To Net: NetName=NetAC1_1 Pin=C14-1
Added Pin To Net: NetName=NetAC1_1 Pin=C15-2
Added Pin To Net: NetName=NetAC1_1 Pin=C16-1
Added Pin To Net: NetName=NetAC1_1 Pin=R6-2
Added Pin To Net: NetName=NetAC1_1 Pin=RADX-1
Added Net: Name=NetAC1_1
Added Pin To Net: NetName=NetC1_1 Pin=C1-1
Added Pin To Net: NetName=NetC1_1 Pin=C2-1
Added Pin To Net: NetName=NetC1_1 Pin=H1-1
Added Pin To Net: NetName=NetC1_1 Pin=RESP-1
Added Net: Name=NetC1_1
Added Pin To Net: NetName=NetD1_2 Pin=D1-2
Added Pin To Net: NetName=NetD1_2 Pin=U2-3
Added Net: Name=NetD1_2
Added Pin To Net: NetName=SPI2_CS Pin=ADXL362 SPI-1
Added Pin To Net: NetName=SPI2_CS Pin=IC1-44
Added Net: Name=SPI2_CS
Added Pin To Net: NetName=SPI2_MISO Pin=ADXL362 SPI-5
Added Pin To Net: NetName=SPI2_MISO Pin=IC1-35
Added Net: Name=SPI2_MISO
Added Pin To Net: NetName=SPI2_MOSI Pin=ADXL362 SPI-3
Added Pin To Net: NetName=SPI2_MOSI Pin=IC1-36
Added Net: Name=SPI2_MOSI
Added Pin To Net: NetName=SPI2_SCK Pin=ADXL362 SPI-7
Added Pin To Net: NetName=SPI2_SCK Pin=IC1-34
Added Net: Name=SPI2_SCK
Added Pin To Net: NetName=VDD_MCU Pin=IC1-1
Added Pin To Net: NetName=VDD_MCU Pin=IC1-13
Added Pin To Net: NetName=VDD_MCU Pin=IC1-19
Added Pin To Net: NetName=VDD_MCU Pin=IC1-32
Added Pin To Net: NetName=VDD_MCU Pin=IC1-48
Added Pin To Net: NetName=VDD_MCU Pin=IC1-64
Added Pin To Net: NetName=VDD_MCU Pin=RMCU-1
Added Net: Name=VDD_MCU
Added Member To Class: ClassName=Capstone Member=Component D3 D Schottky
Added Member To Class: ClassName=Capstone Member=Component RADX 3.3K
Added Member To Class: ClassName=Capstone Member=Component RESP 
Added Member To Class: ClassName=Capstone Member=Component RMCU Res1
