Change Component Footprint: Designator=C1 Old Footprint=*CAPC2012X88N New Footprint=RAD-0.3
Change Component Footprint: Designator=C2 Old Footprint=*CAPC2012X88N New Footprint=RAD-0.3
Change Component Footprint: Designator=C3 Old Footprint=*CAPC2012X88N New Footprint=RAD-0.3
Change Component Footprint: Designator=C4 Old Footprint=*CAPC2012X88N New Footprint=RAD-0.3
Change Component Footprint: Designator=C5 Old Footprint=*CAPC2012X88N New Footprint=RAD-0.3
Change Component Footprint: Designator=C6 Old Footprint=*CAPC2012X88N New Footprint=RAD-0.3
Change Component Footprint: Designator=C7 Old Footprint=*CAPC2012X88N New Footprint=RAD-0.3
Change Component Footprint: Designator=C8 Old Footprint=*CAPC2012X88N New Footprint=RAD-0.3
Change Component Footprint: Designator=C9 Old Footprint=*CAPC2012X88N New Footprint=RAD-0.3
Change Component Footprint: Designator=C10 Old Footprint=*CAPC2012X88N New Footprint=RAD-0.3
Change Component Footprint: Designator=C11 Old Footprint=*CAPC2012X88N New Footprint=RAD-0.3
Change Component Footprint: Designator=C12 Old Footprint=*CAPC2012X88N New Footprint=RAD-0.3
Change Component Footprint: Designator=C13 Old Footprint=*CAPC2012X88N New Footprint=RAD-0.3
Change Component Footprint: Designator=C14 Old Footprint=*CAPC2012X88N New Footprint=RAD-0.3
Change Component Footprint: Designator=C15 Old Footprint=*CAPC2012X88N New Footprint=RAD-0.3
Change Component Footprint: Designator=C16 Old Footprint=*CAPC2012X88N New Footprint=RAD-0.3
Change Component Footprint: Designator=C17 Old Footprint=*CAPC2012X88N New Footprint=RAD-0.3
Change Component Footprint: Designator=CFF Old Footprint=*CAPC2012X88N New Footprint=RAD-0.3
Change component parameters: Designator = "C12"; Footprint = "RAD-0.3"; UniqueID = "\IPTEMOXV"
Change component parameters. Clean all parameters for all variants
Change component parameters (AddParameter): Name = "LatestRevisionDate"; Value = "17-Jul-2002"; VariantName = "[No Variations]"
Change component parameters (AddParameter): Name = "LatestRevisionNote"; Value = "Re-released for DXP Platform."; VariantName = "[No Variations]"
Change component parameters (AddParameter): Name = "PackageDescription"; Value = "Radial Cap, Thru-Hole; 2 Leads; 0.3 in Pin Spacing"; VariantName = "[No Variations]"
Change component parameters (AddParameter): Name = "PackageReference"; Value = "RAD-0.3"; VariantName = "[No Variations]"
Change component parameters (AddParameter): Name = "Published"; Value = "8-Jun-2000"; VariantName = "[No Variations]"
Change component parameters (AddParameter): Name = "Publisher"; Value = "Altium Limited"; VariantName = "[No Variations]"
Change component parameters (AddParameter): Name = "Value"; Value = "10nF"; VariantName = "[No Variations]"
Added Component: Designator=R2(AXIAL-0.3)
Add component. Clean all parameters for all variants
Add component (AddParameter): Name = "LatestRevisionDate"; Value = "17-Jul-2002"; VariantName = "[No Variations]"
Add component (AddParameter): Name = "LatestRevisionNote"; Value = "Re-released for DXP Platform."; VariantName = "[No Variations]"
Add component (AddParameter): Name = "PackageDescription"; Value = "Axial Device, Thru-Hole; 2 Leads; 0.3 in Pin Spacing"; VariantName = "[No Variations]"
Add component (AddParameter): Name = "PackageReference"; Value = "AXIAL-0.3"; VariantName = "[No Variations]"
Add component (AddParameter): Name = "Published"; Value = "8-Jun-2000"; VariantName = "[No Variations]"
Add component (AddParameter): Name = "Publisher"; Value = "Altium Limited"; VariantName = "[No Variations]"
Add component (AddParameter): Name = "Value"; Value = "1K"; VariantName = "[No Variations]"
Added Component: Designator=R11(AXIAL-0.3)
Add component. Clean all parameters for all variants
Add component (AddParameter): Name = "LatestRevisionDate"; Value = "17-Jul-2002"; VariantName = "[No Variations]"
Add component (AddParameter): Name = "LatestRevisionNote"; Value = "Re-released for DXP Platform."; VariantName = "[No Variations]"
Add component (AddParameter): Name = "PackageDescription"; Value = "Axial Device, Thru-Hole; 2 Leads; 0.3 in Pin Spacing"; VariantName = "[No Variations]"
Add component (AddParameter): Name = "PackageReference"; Value = "AXIAL-0.3"; VariantName = "[No Variations]"
Add component (AddParameter): Name = "Published"; Value = "8-Jun-2000"; VariantName = "[No Variations]"
Add component (AddParameter): Name = "Publisher"; Value = "Altium Limited"; VariantName = "[No Variations]"
Add component (AddParameter): Name = "Value"; Value = "1K"; VariantName = "[No Variations]"
Added Pin To Net: NetName=GND Pin=R2-2
Added Pin To Net: NetName=VDD33 Pin=R11-2
Added Pin To Net: NetName=NetIC1_33 Pin=IC1-33
Added Pin To Net: NetName=NetIC1_33 Pin=R11-1
Added Net: Name=NetIC1_33
Added Pin To Net: NetName=STLINK_SWCLK Pin=IC1-49
Added Pin To Net: NetName=STLINK_SWCLK Pin=R2-1
Added Net: Name=STLINK_SWCLK
Added Member To Class: ClassName=Capstone Member=Component R2 Res1
Added Member To Class: ClassName=Capstone Member=Component R11 Res1
